==============================================================================
Suites                                                                        
==============================================================================
Suites.Radioandcheck :: Tags in Robot Framework                               
==============================================================================
Test Case 1                                                           This is test case 1
| PASS |
------------------------------------------------------------------------------
Test Case 2                                                           This is test case 2
| PASS |
------------------------------------------------------------------------------
Test Case 3                                                           This is test case 3
| PASS |
------------------------------------------------------------------------------
Test Case 4                                                           This is test case 4
| PASS |
------------------------------------------------------------------------------
Test Case 5                                                           This is test case 5
| PASS |
------------------------------------------------------------------------------
Suites.Radioandcheck :: Tags in Robot Framework                       | PASS |
5 tests, 5 passed, 0 failed
==============================================================================
Suites                                                                | PASS |
5 tests, 5 passed, 0 failed
==============================================================================
Output:  /Users/mithunroy/PycharmProjects/RobotPy/pabot_results/0/output.xml
